INFO:    underlay of /etc/localtime required more than 50 (68) bind mounts
INFO:    underlay of /usr/bin/nvidia-smi required more than 50 (206) bind mounts
running main script
No sympy found
Traceback (most recent call last):
  File "main.py", line 8, in <module>
    import torch
  File "/home/giliibueno/.local/lib/python3.8/site-packages/torch/__init__.py", line 1465, in <module>
    from . import _meta_registrations
  File "/home/giliibueno/.local/lib/python3.8/site-packages/torch/_meta_registrations.py", line 7, in <module>
    from torch._decomp import _add_op_to_registry, global_decomposition_table, meta_table
  File "/home/giliibueno/.local/lib/python3.8/site-packages/torch/_decomp/__init__.py", line 169, in <module>
    import torch._decomp.decompositions
  File "/home/giliibueno/.local/lib/python3.8/site-packages/torch/_decomp/decompositions.py", line 10, in <module>
    import torch._prims as prims
  File "/home/giliibueno/.local/lib/python3.8/site-packages/torch/_prims/__init__.py", line 33, in <module>
    from torch._subclasses.fake_tensor import FakeTensor, FakeTensorMode
  File "/home/giliibueno/.local/lib/python3.8/site-packages/torch/_subclasses/__init__.py", line 3, in <module>
    from torch._subclasses.fake_tensor import (
  File "/home/giliibueno/.local/lib/python3.8/site-packages/torch/_subclasses/fake_tensor.py", line 13, in <module>
    from torch._guards import Source
  File "/home/giliibueno/.local/lib/python3.8/site-packages/torch/_guards.py", line 78, in <module>
    class ShapeGuard(NamedTuple):
  File "/home/giliibueno/.local/lib/python3.8/site-packages/torch/_guards.py", line 79, in ShapeGuard
    expr: sympy.Expr
NameError: name 'sympy' is not defined
